2021-01-23 20:42:25,081:WARNING:discord.client: PyNaCl is not installed, voice will NOT be supported
2021-01-23 20:42:25,082:DEBUG:discord.client: on_ready has successfully been registered as an event
2021-01-23 20:42:25,082:DEBUG:discord.client: on_message has successfully been registered as an event
2021-01-23 20:42:25,082:INFO:discord.client: logging in using static token
2021-01-23 20:42:25,525:DEBUG:discord.http: GET https://discord.com/api/v7/users/@me with None has returned 200
2021-01-23 20:42:25,526:DEBUG:discord.http: GET https://discord.com/api/v7/users/@me has received {'id': '802569655591763978', 'username': 'FuckUpInator', 'avatar': None, 'discriminator': '4712', 'public_flags': 0, 'flags': 0, 'bot': True, 'email': None, 'verified': True, 'locale': 'en-US', 'mfa_enabled': False}
2021-01-23 20:42:25,638:DEBUG:discord.http: GET https://discord.com/api/v7/gateway with None has returned 200
2021-01-23 20:42:25,639:DEBUG:discord.http: GET https://discord.com/api/v7/gateway has received {'url': 'wss://gateway.discord.gg'}
2021-01-23 20:42:26,038:DEBUG:discord.gateway: Created websocket connected to wss://gateway.discord.gg?encoding=json&v=6&compress=zlib-stream
2021-01-23 20:42:26,039:DEBUG:discord.client: Dispatching event socket_raw_receive
2021-01-23 20:42:26,039:DEBUG:discord.gateway: For Shard ID None: WebSocket Event: {'t': None, 's': None, 'op': 10, 'd': {'heartbeat_interval': 41250, '_trace': ['["gateway-prd-main-0f4w",{"micros":0.0}]']}}
2021-01-23 20:42:26,039:DEBUG:discord.client: Dispatching event socket_response
2021-01-23 20:42:26,039:DEBUG:discord.client: Dispatching event socket_raw_send
2021-01-23 20:42:26,041:DEBUG:discord.client: Dispatching event socket_raw_send
2021-01-23 20:42:26,042:INFO:discord.gateway: Shard ID None has sent the IDENTIFY payload.
2021-01-23 20:42:26,240:DEBUG:discord.client: Dispatching event socket_raw_receive
2021-01-23 20:42:26,241:DEBUG:discord.gateway: For Shard ID None: WebSocket Event: {'t': None, 's': None, 'op': 11, 'd': None}
2021-01-23 20:42:26,241:DEBUG:discord.client: Dispatching event socket_response
2021-01-23 20:42:26,256:DEBUG:discord.client: Dispatching event socket_raw_receive
2021-01-23 20:42:26,257:DEBUG:discord.gateway: For Shard ID None: WebSocket Event: {'t': 'READY', 's': 1, 'op': 0, 'd': {'v': 6, 'user_settings': {}, 'user': {'verified': True, 'username': 'FuckUpInator', 'mfa_enabled': False, 'id': '802569655591763978', 'flags': 0, 'email': None, 'discriminator': '4712', 'bot': True, 'avatar': None}, 'session_id': '322c3fc6c39eced036f2877be145c788', 'relationships': [], 'private_channels': [], 'presences': [], 'guilds': [{'unavailable': True, 'id': '364385418059317248'}], 'guild_join_requests': [], 'geo_ordered_rtc_regions': ['europe', 'russia', 'us-east', 'india', 'us-central'], 'application': {'id': '802569655591763978', 'flags': 0}, '_trace': ['["gateway-prd-main-0f4w",{"micros":55566,"calls":["discord-sessions-prd-2-124",{"micros":50054,"calls":["start_session",{"micros":40077,"calls":["api-prd-main-2czr",{"micros":36695,"calls":["get_user",{"micros":6223},"add_authorized_ip",{"micros":5882},"get_guilds",{"micros":4899},"coros_wait",{"micros":2}]}]},"guilds_connect",{"micros":2,"calls":[]},"presence_connect",{"micros":6944,"calls":[]}]}]}]']}}
2021-01-23 20:42:26,257:DEBUG:discord.client: Dispatching event socket_response
2021-01-23 20:42:26,257:INFO:discord.gateway: Shard ID None has connected to Gateway: ["gateway-prd-main-0f4w",{"micros":55566,"calls":["discord-sessions-prd-2-124",{"micros":50054,"calls":["start_session",{"micros":40077,"calls":["api-prd-main-2czr",{"micros":36695,"calls":["get_user",{"micros":6223},"add_authorized_ip",{"micros":5882},"get_guilds",{"micros":4899},"coros_wait",{"micros":2}]}]},"guilds_connect",{"micros":2,"calls":[]},"presence_connect",{"micros":6944,"calls":[]}]}]}] (Session ID: 322c3fc6c39eced036f2877be145c788).
2021-01-23 20:42:26,282:DEBUG:discord.client: Dispatching event connect
2021-01-23 20:42:26,282:DEBUG:discord.client: Dispatching event socket_raw_receive
2021-01-23 20:42:26,283:DEBUG:discord.gateway: For Shard ID None: WebSocket Event: {'t': 'GUILD_CREATE', 's': 2, 'op': 0, 'd': {'description': None, 'explicit_content_filter': 0, 'premium_tier': 0, 'channels': [{'type': 4, 'position': 0, 'permission_overwrites': [], 'name': 'Text Channels', 'id': '364385418059317249'}, {'type': 4, 'position': 0, 'permission_overwrites': [], 'name': 'Voice Channels', 'id': '364385418059317251'}, {'type': 0, 'topic': None, 'rate_limit_per_user': 0, 'position': 0, 'permission_overwrites': [], 'parent_id': '364385418059317249', 'name': 'test', 'last_message_id': '802622951580893224', 'id': '708383278163296370'}, {'user_limit': 0, 'type': 2, 'position': 0, 'permission_overwrites': [], 'parent_id': '364385418059317251', 'name': 'General', 'id': '763371186280595477', 'bitrate': 64000}], 'owner_id': '297062336244613120', 'region': 'eu-west', 'joined_at': '2021-01-23T16:07:57.071392+00:00', 'max_video_channel_users': 25, 'preferred_locale': 'en-US', 'afk_timeout': 300, 'banner': None, 'discovery_splash': None, 'large': False, 'rules_channel_id': None, 'verification_level': 0, 'emojis': [], 'name': 'test server', 'members': [{'user': {'username': 'FuckUpInator', 'id': '802569655591763978', 'discriminator': '4712', 'bot': True, 'avatar': None}, 'roles': [], 'premium_since': None, 'pending': False, 'nick': None, 'mute': False, 'joined_at': '2021-01-23T16:07:57.071392+00:00', 'is_pending': False, 'hoisted_role': None, 'deaf': False}], 'system_channel_flags': 0, 'afk_channel_id': None, 'lazy': True, 'vanity_url_code': None, 'mfa_level': 0, 'premium_subscription_count': 0, 'unavailable': False, 'public_updates_channel_id': None, 'icon': None, 'roles': [{'position': 0, 'permissions_new': '104324673', 'permissions': 104324673, 'name': '@everyone', 'mentionable': False, 'managed': False, 'id': '364385418059317248', 'hoist': False, 'color': 0}], 'presences': [], 'member_count': 4, 'voice_states': [], 'features': [], 'guild_hashes': {'version': 1, 'roles': {'omitted': False, 'hash': '/VIox2MHJ/I'}, 'metadata': {'omitted': False, 'hash': '4y6vzA4/YBI'}, 'channels': {'omitted': False, 'hash': 'dMKomBFigPc'}}, 'threads': [], 'max_members': 100000, 'application_id': None, 'id': '364385418059317248', 'default_message_notifications': 0, 'splash': None, 'system_channel_id': None}}
2021-01-23 20:42:26,283:DEBUG:discord.client: Dispatching event socket_response
2021-01-23 20:42:26,284:DEBUG:discord.client: Dispatching event guild_available
2021-01-23 20:42:28,286:DEBUG:discord.client: Dispatching event ready
2021-01-23 20:42:59,249:DEBUG:discord.client: Dispatching event socket_raw_receive
2021-01-23 20:42:59,249:DEBUG:discord.gateway: For Shard ID None: WebSocket Event: {'t': 'TYPING_START', 's': 3, 'op': 0, 'd': {'user_id': '297062336244613120', 'timestamp': 1611430979, 'member': {'user': {'username': 'dydou_sequoia', 'id': '297062336244613120', 'discriminator': '1433', 'avatar': '927a126374d28cb72335d9bb769c7da0'}, 'roles': [], 'mute': False, 'joined_at': '2017-10-02T12:17:33.621000+00:00', 'hoisted_role': None, 'deaf': False}, 'channel_id': '708383278163296370', 'guild_id': '364385418059317248'}}
2021-01-23 20:42:59,249:DEBUG:discord.client: Dispatching event socket_response
2021-01-23 20:42:59,585:DEBUG:discord.client: Dispatching event socket_raw_receive
2021-01-23 20:42:59,586:DEBUG:discord.gateway: For Shard ID None: WebSocket Event: {'t': 'MESSAGE_CREATE', 's': 4, 'op': 0, 'd': {'type': 0, 'tts': False, 'timestamp': '2021-01-23T19:42:59.802000+00:00', 'referenced_message': None, 'pinned': False, 'nonce': '802624444274049024', 'mentions': [{'username': 'dydou_sequoia', 'public_flags': 0, 'member': {'roles': [], 'mute': False, 'joined_at': '2017-10-02T12:17:33.621000+00:00', 'hoisted_role': None, 'deaf': False}, 'id': '297062336244613120', 'discriminator': '1433', 'avatar': '927a126374d28cb72335d9bb769c7da0'}], 'mention_roles': [], 'mention_everyone': False, 'member': {'roles': [], 'mute': False, 'joined_at': '2017-10-02T12:17:33.621000+00:00', 'hoisted_role': None, 'deaf': False}, 'id': '802624445306896384', 'flags': 0, 'embeds': [], 'edited_timestamp': None, 'content': '!check <@!297062336244613120>', 'channel_id': '708383278163296370', 'author': {'username': 'dydou_sequoia', 'public_flags': 0, 'id': '297062336244613120', 'discriminator': '1433', 'avatar': '927a126374d28cb72335d9bb769c7da0'}, 'attachments': [], 'guild_id': '364385418059317248'}}
2021-01-23 20:42:59,586:DEBUG:discord.client: Dispatching event socket_response
2021-01-23 20:42:59,586:DEBUG:discord.client: Dispatching event message
2021-01-23 20:42:59,866:DEBUG:discord.client: Dispatching event socket_raw_receive
2021-01-23 20:42:59,867:DEBUG:discord.gateway: For Shard ID None: WebSocket Event: {'t': 'MESSAGE_CREATE', 's': 5, 'op': 0, 'd': {'type': 0, 'tts': False, 'timestamp': '2021-01-23T19:43:00.085000+00:00', 'referenced_message': None, 'pinned': False, 'mentions': [{'username': 'dydou_sequoia', 'public_flags': 0, 'member': {'roles': [], 'mute': False, 'joined_at': '2017-10-02T12:17:33.621000+00:00', 'hoisted_role': None, 'deaf': False}, 'id': '297062336244613120', 'discriminator': '1433', 'avatar': '927a126374d28cb72335d9bb769c7da0'}], 'mention_roles': [], 'mention_everyone': False, 'member': {'roles': [], 'premium_since': None, 'pending': False, 'nick': None, 'mute': False, 'joined_at': '2021-01-23T16:07:57.071392+00:00', 'is_pending': False, 'hoisted_role': None, 'deaf': False}, 'id': '802624446492966952', 'flags': 0, 'embeds': [], 'edited_timestamp': None, 'content': '<@297062336244613120> last fucked up 2 hours ago ago.', 'channel_id': '708383278163296370', 'author': {'username': 'FuckUpInator', 'public_flags': 0, 'id': '802569655591763978', 'discriminator': '4712', 'bot': True, 'avatar': None}, 'attachments': [], 'guild_id': '364385418059317248'}}
2021-01-23 20:42:59,867:DEBUG:discord.client: Dispatching event socket_response
2021-01-23 20:42:59,874:DEBUG:discord.client: Dispatching event message
2021-01-23 20:42:59,893:DEBUG:discord.http: POST https://discord.com/api/v7/channels/708383278163296370/messages with {"content":"<@297062336244613120> last fucked up 2 hours ago ago."} has returned 200
2021-01-23 20:42:59,894:DEBUG:discord.http: POST https://discord.com/api/v7/channels/708383278163296370/messages has received {'id': '802624446492966952', 'type': 0, 'content': '<@297062336244613120> last fucked up 2 hours ago ago.', 'channel_id': '708383278163296370', 'author': {'id': '802569655591763978', 'username': 'FuckUpInator', 'avatar': None, 'discriminator': '4712', 'public_flags': 0, 'bot': True}, 'attachments': [], 'embeds': [], 'mentions': [{'id': '297062336244613120', 'username': 'dydou_sequoia', 'avatar': '927a126374d28cb72335d9bb769c7da0', 'discriminator': '1433', 'public_flags': 0}], 'mention_roles': [], 'pinned': False, 'mention_everyone': False, 'tts': False, 'timestamp': '2021-01-23T19:43:00.085000+00:00', 'edited_timestamp': None, 'flags': 0, 'referenced_message': None}
2021-01-23 20:43:07,293:DEBUG:discord.gateway: Keeping shard ID None websocket alive with sequence 5.
2021-01-23 20:43:07,426:DEBUG:discord.client: Dispatching event socket_raw_receive
2021-01-23 20:43:07,427:DEBUG:discord.gateway: For Shard ID None: WebSocket Event: {'t': None, 's': None, 'op': 11, 'd': None}
2021-01-23 20:43:07,427:DEBUG:discord.client: Dispatching event socket_response
2021-01-23 20:43:48,546:DEBUG:discord.gateway: Keeping shard ID None websocket alive with sequence 5.
2021-01-23 20:43:48,779:DEBUG:discord.client: Dispatching event socket_raw_receive
2021-01-23 20:43:48,780:DEBUG:discord.gateway: For Shard ID None: WebSocket Event: {'t': None, 's': None, 'op': 11, 'd': None}
2021-01-23 20:43:48,780:DEBUG:discord.client: Dispatching event socket_response
2021-01-23 20:44:29,799:DEBUG:discord.gateway: Keeping shard ID None websocket alive with sequence 5.
2021-01-23 20:44:30,054:DEBUG:discord.client: Dispatching event socket_raw_receive
2021-01-23 20:44:30,055:DEBUG:discord.gateway: For Shard ID None: WebSocket Event: {'t': None, 's': None, 'op': 11, 'd': None}
2021-01-23 20:44:30,055:DEBUG:discord.client: Dispatching event socket_response
2021-01-23 20:45:11,051:DEBUG:discord.gateway: Keeping shard ID None websocket alive with sequence 5.
2021-01-23 20:45:11,186:DEBUG:discord.client: Dispatching event socket_raw_receive
2021-01-23 20:45:11,186:DEBUG:discord.gateway: For Shard ID None: WebSocket Event: {'t': None, 's': None, 'op': 11, 'd': None}
2021-01-23 20:45:11,186:DEBUG:discord.client: Dispatching event socket_response
2021-01-23 20:45:22,640:INFO:discord.client: Cleaning up tasks.
2021-01-23 20:45:22,641:INFO:discord.client: Cleaning up after 1 tasks.
2021-01-23 20:45:22,644:INFO:discord.client: All tasks finished cancelling.
2021-01-23 20:45:22,645:INFO:discord.client: Closing the event loop.
